<?xml version="1.0" encoding="UTF-8"?>
<!-- Generated by org.testng.reporters.JUnitReportReporter -->
<testsuite skipped="0" hostname="Lenovo-PC" name="com.my.framework.TestNGMaven.SeleniumAssignment3" tests="2" failures="0" timestamp="09 Feb 2019 15:40:43 GMT" time="122.454" errors="0">
  <testcase name="numOfLinks" time="24.612" classname="com.my.framework.TestNGMaven.SeleniumAssignment3"/>
  <testcase name="printLink" time="97.842" classname="com.my.framework.TestNGMaven.SeleniumAssignment3"/>
</testsuite> <!-- com.my.framework.TestNGMaven.SeleniumAssignment3 -->
