<?xml version="1.0" encoding="UTF-8"?>
<!-- Generated by org.testng.reporters.JUnitReportReporter -->
<testsuite skipped="0" hostname="Lenovo-PC" name="com.my.framework.TestNGMaven.FirstTest" tests="1" failures="0" timestamp="19 Dec 2018 10:20:02 GMT" time="137.971" errors="0">
  <testcase name="Firsttestmethod" time="137.971" classname="com.my.framework.TestNGMaven.FirstTest"/>
</testsuite> <!-- com.my.framework.TestNGMaven.FirstTest -->
