<?xml version="1.0" encoding="UTF-8"?>
<!-- Generated by org.testng.reporters.JUnitReportReporter -->
<testsuite skipped="0" hostname="Lenovo-PC" name="com.my.framework.TestNGMaven.LoginTest" tests="1" failures="0" timestamp="22 Dec 2018 10:36:55 GMT" time="19.921" errors="0">
  <testcase name="nagativeLoginTest" time="19.921" classname="com.my.framework.TestNGMaven.LoginTest"/>
</testsuite> <!-- com.my.framework.TestNGMaven.LoginTest -->
