<?xml version="1.0" encoding="UTF-8"?>
<!-- Generated by org.testng.reporters.JUnitReportReporter -->
<testsuite skipped="0" hostname="Lenovo-PC" name="com.my.framework.TestNGMaven.Selenium_Assignment2" tests="1" failures="0" timestamp="09 Feb 2019 13:36:47 GMT" time="18.939" errors="0">
  <testcase name="tstcreateAccount" time="18.939" classname="com.my.framework.TestNGMaven.Selenium_Assignment2"/>
</testsuite> <!-- com.my.framework.TestNGMaven.Selenium_Assignment2 -->
