<?xml version="1.0" encoding="UTF-8"?>
<!-- Generated by org.testng.reporters.JUnitReportReporter -->
<testsuite skipped="0" hostname="Lenovo-PC" name="com.my.framework.TestNGMaven.SeleniumAssignment5" tests="1" failures="0" timestamp="10 Feb 2019 06:54:54 GMT" time="54.686" errors="0">
  <testcase name="signInSnapDeal" time="54.686" classname="com.my.framework.TestNGMaven.SeleniumAssignment5"/>
</testsuite> <!-- com.my.framework.TestNGMaven.SeleniumAssignment5 -->
