<?xml version="1.0" encoding="UTF-8"?>
<!-- Generated by org.testng.reporters.JUnitReportReporter -->
<testsuite skipped="0" hostname="Lenovo-PC" name="com.my.framework.TestNGMaven.SecondTest" tests="1" failures="0" timestamp="19 Dec 2018 10:20:02 GMT" time="5.128" errors="0">
  <testcase name="Secondtestmethod" time="5.128" classname="com.my.framework.TestNGMaven.SecondTest"/>
</testsuite> <!-- com.my.framework.TestNGMaven.SecondTest -->
