<?xml version="1.0" encoding="UTF-8"?>
<!-- Generated by org.testng.reporters.JUnitReportReporter -->
<testsuite skipped="0" hostname="Lenovo-PC" name="com.my.framework.TestNGMaven.SeleniumAssignment1" tests="2" failures="0" timestamp="09 Feb 2019 09:20:07 GMT" time="37.732" errors="0">
  <testcase name="tstPageTitle" time="10.001" classname="com.my.framework.TestNGMaven.SeleniumAssignment1"/>
  <testcase name="tstNavigatePage" time="27.731" classname="com.my.framework.TestNGMaven.SeleniumAssignment1"/>
</testsuite> <!-- com.my.framework.TestNGMaven.SeleniumAssignment1 -->
