<?xml version="1.0" encoding="UTF-8"?>
<!-- Generated by org.testng.reporters.JUnitReportReporter -->
<testsuite hostname="Lenovo-PC" failures="0" tests="1" name="com.my.framework.TestNGMaven.FirstTest" time="43.049" errors="0" timestamp="18 Dec 2018 03:39:50 GMT" skipped="0">
  <testcase classname="com.my.framework.TestNGMaven.FirstTest" name="Firsttestmethod" time="43.049"/>
</testsuite> <!-- com.my.framework.TestNGMaven.FirstTest -->
